<?xml version="1.0" encoding="UTF-8"?><testsuite errors="1" failures="0" name="Hacer reserva de hotel en booking" skipped="0" tests="1" time="0.35" timestamp="2024-11-15 07:39:14"><testcase name="Reserva exitosa de hotel"><error message="The path to the driver executable must be set by the webdriver.chrome.driver system property; for more information, see https://github.com/SeleniumHQ/selenium/wiki/ChromeDriver. The latest version can be downloaded from http://chromedriver.storage.googleapis.com/index.html" type="java.lang.IllegalStateException">The path to the driver executable must be set by the webdriver.chrome.driver system property; for more information, see https://github.com/SeleniumHQ/selenium/wiki/ChromeDriver. The latest version can be downloaded from http://chromedriver.storage.googleapis.com/index.html</error><system-err>The path to the driver executable must be set by the webdriver.chrome.driver system property; for more information, see https://github.com/SeleniumHQ/selenium/wiki/ChromeDriver. The latest version can be downloaded from http://chromedriver.storage.googleapis.com/index.html&#13;
com.google.common.base.Preconditions.checkState(Preconditions.java:843)&#13;
stepdefinitions.SetupConfiguration.setUp(SetupConfiguration.java:19)&#13;
</system-err></testcase></testsuite>